[2022-09-08 02:27:30.788] [jointLog] [info] setting maxHashResizeThreads to 4
[2022-09-08 02:27:30.788] [jointLog] [info] Fragment incompatibility prior below threshold.  Incompatible fragments will be ignored.
[2022-09-08 02:27:30.789] [jointLog] [info] Usage of --validateMappings implies use of minScoreFraction. Since not explicitly specified, it is being set to 0.65
[2022-09-08 02:27:30.790] [jointLog] [info] Setting consensusSlack to selective-alignment default of 0.35.
[2022-09-08 02:27:30.791] [jointLog] [info] parsing read library format
[2022-09-08 02:27:30.792] [jointLog] [info] There is 1 library.
[2022-09-08 02:27:30.799] [jointLog] [info] Loading pufferfish index
[2022-09-08 02:27:30.800] [jointLog] [info] Loading dense pufferfish index.
[2022-09-08 02:27:31.270] [jointLog] [info] done
[2022-09-08 02:27:31.442] [jointLog] [info] Index contained 2,348 targets
[2022-09-08 02:27:31.444] [jointLog] [info] Number of decoys : 0
[2022-09-08 02:30:29.869] [jointLog] [info] Thread saw mini-batch with a maximum of 0.50% zero probability fragments
[2022-09-08 02:30:29.871] [jointLog] [info] Thread saw mini-batch with a maximum of 0.56% zero probability fragments
[2022-09-08 02:30:29.940] [jointLog] [info] Thread saw mini-batch with a maximum of 0.52% zero probability fragments
[2022-09-08 02:30:30.012] [jointLog] [info] Thread saw mini-batch with a maximum of 0.52% zero probability fragments
[2022-09-08 02:30:31.085] [jointLog] [info] Computed 6,965 rich equivalence classes for further processing
[2022-09-08 02:30:31.085] [jointLog] [info] Counted 1,726,798 total reads in the equivalence classes 
[2022-09-08 02:30:31.090] [jointLog] [info] Number of mappings discarded because of alignment score : 192,324
[2022-09-08 02:30:31.090] [jointLog] [info] Number of fragments entirely discarded because of alignment score : 179,061
[2022-09-08 02:30:31.090] [jointLog] [info] Number of fragments discarded because they are best-mapped to decoys : 0
[2022-09-08 02:30:31.090] [jointLog] [info] Number of fragments discarded because they have only dovetail (discordant) mappings to valid targets : 34,397
[2022-09-08 02:30:31.093] [jointLog] [warning] Only 1726798 fragments were mapped, but the number of burn-in fragments was set to 5000000.
The effective lengths have been computed using the observed mappings.

[2022-09-08 02:30:31.093] [jointLog] [info] Mapping rate = 17.1557%

[2022-09-08 02:30:31.093] [jointLog] [info] finished quantifyLibrary()
[2022-09-08 02:30:31.122] [jointLog] [info] Starting optimizer
[2022-09-08 02:30:31.302] [jointLog] [info] Marked 0 weighted equivalence classes as degenerate
[2022-09-08 02:30:31.307] [jointLog] [info] iteration = 0 | max rel diff. = 1423.99
[2022-09-08 02:30:31.464] [jointLog] [info] iteration = 100 | max rel diff. = 0.00353752
[2022-09-08 02:30:31.465] [jointLog] [info] Finished optimizer
[2022-09-08 02:30:31.465] [jointLog] [info] writing output 

[2022-09-08 02:30:31.086] [fileLog] [info] 
At end of round 0
==================
Observed 10065469 total fragments (10065469 in most recent round)

